<?xml version="1.0" encoding="utf-8"?><testsuites name="pytest tests"><testsuite name="pytest" errors="0" failures="0" skipped="0" tests="2" time="69.542" timestamp="2026-04-23T17:03:52.862457+08:00" hostname="ShuyideMac-mini.local"><testcase classname="tests.import.test_review_checklist_import" name="test_review_checklist_import_special_filename_keeps_default_name_and_rules" time="25.745" /><testcase classname="tests.import.test_review_checklist_import" name="test_review_checklist_import_finalize_rejects_empty_rule_refs" time="43.733" /></testsuite></testsuites>